[2025-04-02T08:38:32.690Z] Файл data.json не найден, используются значения по умолчанию
[2025-04-02T08:38:33.243Z] Команда /contactmod без аргументов для tg#7563680941
[2025-04-02T08:38:33.392Z] Команда /help выполнена для tg#7563680941
[2025-04-02T08:39:06.823Z] Команда /help выполнена для tg#7563680941
[2025-04-02T08:39:08.808Z] Команда /contactmod без аргументов для tg#7563680941
[2025-04-02T08:39:14.168Z] Команда /link без аргументов для tg#7563680941
[2025-04-02T08:39:18.903Z] Команда /start выполнена для tg#7563680941
[2025-04-02T08:43:32.712Z] Данные успешно сохранены в data.json
[2025-04-02T08:43:34.286Z] Статус сервера успешно обновлен
[2025-04-02T08:45:08.498Z] Данные успешно сохранены в data.json
[2025-04-02T08:45:16.011Z] Данные успешно загружены из data.json
[2025-04-02T08:45:30.790Z] Данные успешно сохранены в data.json
[2025-04-02T08:45:37.506Z] Данные успешно загружены из data.json
[2025-04-02T08:45:52.521Z] Данные успешно сохранены в data.json
[2025-04-02T08:46:26.007Z] Данные успешно загружены из data.json
[2025-04-02T08:47:27.808Z] Данные успешно сохранены в data.json
[2025-04-02T08:47:37.311Z] Данные успешно загружены из data.json
[2025-04-02T08:48:09.472Z] Команда /start выполнена для tg#7563680941
[2025-04-02T08:48:11.889Z] Команда /donate выполнена для tg#7563680941
[2025-04-02T08:48:13.264Z] Команда /news выполнена для tg#7563680941
[2025-04-02T08:48:15.393Z] Команда /rules выполнена для tg#7563680941
[2025-04-02T08:48:19.698Z] Команда /contactmod без аргументов для tg#7563680941
[2025-04-02T08:48:21.706Z] Команда /support выполнена для tg#7563680941
[2025-04-02T08:48:27.723Z] Команда /help выполнена для tg#7563680941
[2025-04-02T08:48:43.150Z] Команда /event выполнена для tg#7563680941
[2025-04-02T08:48:46.340Z] Команда /serverinfo выполнена для tg#7563680941
[2025-04-02T08:48:57.466Z] Команда /changepassword отклонена для tg#7563680941: аккаунт не привязан
[2025-04-02T08:49:00.431Z] Команда /unlink отклонена для tg#7563680941: аккаунт не привязан
[2025-04-02T08:50:53.531Z] Команда /stats выполнена для tg#7563680941
[2025-04-02T08:52:37.312Z] Данные успешно сохранены в data.json
[2025-04-02T08:52:39.047Z] Статус сервера успешно обновлен
[2025-04-02T08:53:33.794Z] Команда /link без аргументов для tg#7563680941
[2025-04-02T08:57:37.332Z] Данные успешно сохранены в data.json
[2025-04-02T08:57:38.787Z] Статус сервера успешно обновлен
[2025-04-02T09:02:37.344Z] Данные успешно сохранены в data.json
[2025-04-02T09:02:39.088Z] Статус сервера успешно обновлен
[2025-04-02T09:07:37.352Z] Данные успешно сохранены в data.json
[2025-04-02T09:07:38.976Z] Статус сервера успешно обновлен
[2025-04-02T09:12:37.353Z] Данные успешно сохранены в data.json
[2025-04-02T09:12:38.630Z] Статус сервера успешно обновлен
[2025-04-02T09:17:37.398Z] Данные успешно сохранены в data.json
[2025-04-02T09:17:38.891Z] Статус сервера успешно обновлен
[2025-04-02T09:18:50.397Z] Данные успешно сохранены в data.json
[2025-04-02T09:18:59.310Z] Данные загружены из data.json
[2025-04-02T09:19:22.491Z] Данные сохранены в data.json
[2025-04-02T09:59:46.304Z] Данные загружены
[2025-04-02T10:01:47.432Z] Данные сохранены
[2025-04-02T10:01:57.828Z] Данные загружены
[2025-04-02T10:06:57.844Z] Данные сохранены
[2025-04-02T10:06:59.670Z] Статус сервера обновлен
[2025-04-02T10:08:03.125Z] Данные сохранены
[2025-04-02T10:08:11.298Z] Данные загружены
[2025-04-02T10:08:20.203Z] Данные сохранены
[2025-04-02T10:08:49.594Z] Данные загружены
[2025-04-02T10:09:14.274Z] Ошибка отправки стикера: ETELEGRAM: 400 Bad Request: wrong remote file identifier specified: can't unserialize it. Wrong last symbol
[2025-04-02T10:09:14.275Z] Данные сохранены
[2025-04-02T10:09:14.275Z] User tg#7563680941 used /start
[2025-04-02T10:09:16.004Z] Ошибка отправки стикера: ETELEGRAM: 400 Bad Request: wrong remote file identifier specified: can't unserialize it. Wrong last symbol
[2025-04-02T10:09:18.943Z] Ошибка отправки стикера: ETELEGRAM: 400 Bad Request: wrong remote file identifier specified: can't unserialize it. Wrong last symbol
[2025-04-02T10:09:18.944Z] User tg#7563680941 used /serverinfo
[2025-04-02T10:09:23.690Z] Ошибка отправки стикера: ETELEGRAM: 400 Bad Request: wrong remote file identifier specified: can't unserialize it. Wrong last symbol
[2025-04-02T10:09:23.690Z] User tg#7563680941 used /donate
[2025-04-02T10:10:58.953Z] Данные сохранены
[2025-04-02T10:11:09.426Z] Данные загружены
[2025-04-02T10:12:02.299Z] Ошибка отправки стикера: ETELEGRAM: 400 Bad Request: wrong remote file identifier specified: can't unserialize it. Wrong last symbol
[2025-04-02T10:12:26.322Z] Ошибка отправки стикера: ETELEGRAM: 400 Bad Request: wrong remote file identifier specified: can't unserialize it. Wrong last symbol
[2025-04-02T10:12:34.338Z] Запись в account.txt выполнена
[2025-04-02T10:12:34.338Z] Данные сохранены
[2025-04-02T10:12:34.692Z] Ошибка отправки стикера: ETELEGRAM: 400 Bad Request: wrong remote file identifier specified: can't unserialize it. Wrong last symbol
[2025-04-02T10:12:34.694Z] User tg#7563680941 linked account: hahaha
[2025-04-02T10:13:45.634Z] Ошибка отправки стикера: ETELEGRAM: 400 Bad Request: wrong remote file identifier specified: can't unserialize it. Wrong last symbol
[2025-04-02T10:13:45.634Z] Данные сохранены
[2025-04-02T10:13:45.635Z] User tg#7865052367 used /start
[2025-04-02T10:16:09.488Z] Данные сохранены
[2025-04-02T10:16:11.094Z] Статус сервера обновлен
[2025-04-02T10:21:09.516Z] Данные сохранены
[2025-04-02T10:21:10.790Z] Статус сервера обновлен
[2025-04-02T10:25:20.892Z] Данные сохранены
[2025-04-02T10:49:42.898Z] Данные загружены
[2025-04-02T10:49:43.467Z] User tg#7563680941 used /serverinfo
[2025-04-02T10:50:06.120Z] User tg#7563680941 used /start
[2025-04-02T10:54:11.803Z] Данные сохранены
[2025-04-02T10:54:19.048Z] Данные загружены
[2025-04-02T10:55:22.910Z] User tg#7563680941 used /start
[2025-04-02T10:57:17.693Z] User tg#7563680941 used /help
[2025-04-02T10:59:19.205Z] Данные сохранены
[2025-04-02T10:59:19.700Z] Статус сервера обновлен
[2025-04-02T11:04:19.166Z] Данные сохранены
[2025-04-02T11:04:19.635Z] Статус сервера обновлен
[2025-04-02T11:04:37.297Z] Данные сохранены
[2025-04-02T11:04:44.416Z] Данные загружены
[2025-04-02T11:04:44.705Z] Данные сохранены
[2025-04-02T11:04:47.313Z] Данные загружены
[2025-04-02T11:05:54.522Z] Данные сохранены
[2025-04-02T11:06:04.318Z] Данные загружены
[2025-04-02T11:06:04.804Z] User tg#7563680941 used /start
[2025-04-02T11:06:10.181Z] User tg#7563680941 used /start
[2025-04-02T11:10:18.702Z] Данные сохранены
[2025-04-02T11:10:26.009Z] Данные загружены
[2025-04-02T11:10:35.317Z] User tg#7563680941 used /start
[2025-04-02T11:15:26.093Z] Данные сохранены
[2025-04-02T11:15:27.610Z] Статус сервера обновлен
[2025-04-02T11:15:33.990Z] Данные сохранены
[2025-04-02T11:15:41.216Z] Данные загружены
[2025-04-02T11:15:57.718Z] User tg#7563680941 used /start
[2025-04-02T11:16:00.683Z] User tg#7563680941 used /info
[2025-04-02T11:16:08.015Z] User tg#7563680941 used /support
[2025-04-02T11:17:29.990Z] Запись в account.txt выполнена
[2025-04-02T11:17:30.372Z] User tg#383193179 sent message to moderator
[2025-04-02T11:20:27.288Z] Запись в account.txt выполнена
[2025-04-02T11:20:27.353Z] User tg#7563680941 sent message to moderator
[2025-04-02T11:20:41.238Z] Данные сохранены
[2025-04-02T11:20:42.848Z] Статус сервера обновлен
[2025-04-02T11:24:32.688Z] Данные сохранены
[2025-04-02T11:24:38.726Z] Данные загружены
[2025-04-02T11:26:02.654Z] User tg#7563680941 used /start
[2025-04-02T11:26:13.971Z] Запись в account.txt выполнена
[2025-04-02T11:26:14.259Z] User tg#383193179 sent message to moderator
[2025-04-02T11:28:27.947Z] Moderator replied to tg#383193179: Здравствуйте, уважаемый игрок, приносим свои извенения, мы пока пытаемся вернуть все свои соц сети, в ближайщие 3 дня мы успеем вернуть все взломанные соц сети, а пока отвязывайте свои аккаунты с вк и тг прошу прощения!
[2025-04-02T11:29:38.773Z] Данные сохранены
[2025-04-02T11:29:39.731Z] Статус сервера обновлен
[2025-04-02T11:32:05.430Z] User tg#7563680941 used /event
[2025-04-02T11:32:08.877Z] User tg#7563680941 used /news
[2025-04-02T11:34:38.801Z] Данные сохранены
[2025-04-02T11:34:40.101Z] Статус сервера обновлен
[2025-04-02T11:35:58.838Z] User tg#7563680941 used /serverinfo
[2025-04-02T11:36:03.887Z] User tg#7563680941 used /serverinfo
[2025-04-02T11:36:37.128Z] User tg#7563680941 used /serverinfo
[2025-04-02T11:38:11.084Z] User tg#7563680941 used /event
[2025-04-02T11:39:38.823Z] Данные сохранены
[2025-04-02T11:39:40.236Z] Статус сервера обновлен
[2025-04-02T11:41:35.889Z] Данные сохранены
[2025-04-02T11:41:41.714Z] Данные загружены
[2025-04-02T11:41:42.595Z] Данные сохранены
[2025-04-02T11:41:46.407Z] Данные загружены
[2025-04-02T11:41:51.977Z] User tg#7563680941 used /event
[2025-04-02T11:41:54.063Z] User tg#7563680941 used /serverinfo
[2025-04-02T11:46:46.494Z] Данные сохранены
[2025-04-02T11:46:48.039Z] Статус сервера обновлен
[2025-04-02T11:51:46.490Z] Данные сохранены
[2025-04-02T11:51:47.763Z] Статус сервера обновлен
[2025-04-02T11:56:46.482Z] Данные сохранены
[2025-04-02T11:56:47.809Z] Статус сервера обновлен
[2025-04-02T12:01:46.506Z] Данные сохранены
[2025-04-02T12:01:47.810Z] Статус сервера обновлен
[2025-04-02T12:06:46.523Z] Данные сохранены
[2025-04-02T12:06:48.144Z] Статус сервера обновлен
[2025-04-02T12:11:46.588Z] Данные сохранены
[2025-04-02T12:11:48.049Z] Статус сервера обновлен
[2025-04-02T12:16:46.537Z] Данные сохранены
[2025-04-02T12:16:48.083Z] Статус сервера обновлен
[2025-04-02T12:21:46.593Z] Данные сохранены
[2025-04-02T12:21:47.948Z] Статус сервера обновлен
[2025-04-02T12:26:46.579Z] Данные сохранены
[2025-04-02T12:26:46.663Z] Статус сервера обновлен
[2025-04-02T12:31:46.618Z] Данные сохранены
[2025-04-02T12:31:47.972Z] Статус сервера обновлен
[2025-04-02T13:11:49.729Z] Данные загружены
[2025-04-02T13:11:50.145Z] User tg#7563680941 used /start
[2025-04-02T13:11:50.307Z] User tg#7563680941 used /serverinfo
[2025-04-02T13:11:50.333Z] User tg#7563680941 used /serverinfo
[2025-04-02T13:16:49.764Z] Данные сохранены
[2025-04-02T13:16:51.284Z] Статус сервера обновлен
[2025-04-02T13:21:49.801Z] Данные сохранены
[2025-04-02T13:21:51.333Z] Статус сервера обновлен
[2025-04-02T13:26:49.821Z] Данные сохранены
[2025-04-02T13:26:51.590Z] Статус сервера обновлен
[2025-04-02T13:29:40.448Z] User tg#7563680941 used /donate
[2025-04-02T13:31:49.841Z] Данные сохранены
[2025-04-02T13:31:51.702Z] Статус сервера обновлен
[2025-04-02T13:36:49.857Z] Данные сохранены
[2025-04-02T13:36:51.704Z] Статус сервера обновлен
[2025-04-02T13:41:49.865Z] Данные сохранены
[2025-04-02T13:41:51.157Z] Статус сервера обновлен
[2025-04-02T13:42:27.186Z] Данные сохранены
[2025-04-02T13:42:27.186Z] User tg#6573154545 used /start
[2025-04-02T13:46:49.893Z] Данные сохранены
[2025-04-02T13:46:51.327Z] Статус сервера обновлен
[2025-04-02T13:48:09.290Z] Данные сохранены
[2025-04-02T13:48:42.456Z] Данные загружены
[2025-04-02T13:52:03.788Z] User tg#7563680941 requested unlink
[2025-04-02T13:52:04.932Z] Запись в account.txt выполнена
[2025-04-02T13:52:04.932Z] Данные сохранены
[2025-04-02T13:52:05.265Z] User tg#7563680941 confirmed unlink
[2025-04-02T13:52:34.347Z] Запись в account.txt выполнена
[2025-04-02T13:52:34.347Z] Данные сохранены
[2025-04-02T13:52:34.486Z] User tg#7563680941 linked account: FolexiEzz3223
[2025-04-02T13:53:42.485Z] Данные сохранены
[2025-04-02T13:53:44.052Z] Статус сервера обновлен
[2025-04-02T13:58:42.597Z] Данные сохранены
[2025-04-02T13:58:43.975Z] Статус сервера обновлен
[2025-04-02T14:03:42.514Z] Данные сохранены
[2025-04-02T14:03:44.098Z] Статус сервера обновлен
[2025-04-02T14:08:42.522Z] Данные сохранены
[2025-04-02T14:08:43.843Z] Статус сервера обновлен
[2025-04-02T14:13:42.592Z] Данные сохранены
[2025-04-02T14:13:43.965Z] Статус сервера обновлен
[2025-04-02T14:18:42.567Z] Данные сохранены
[2025-04-02T14:18:44.091Z] Статус сервера обновлен
[2025-04-02T14:23:42.605Z] Данные сохранены
[2025-04-02T14:23:43.932Z] Статус сервера обновлен
[2025-04-02T14:28:42.688Z] Данные сохранены
[2025-04-02T14:28:44.289Z] Статус сервера обновлен
[2025-04-02T14:33:42.688Z] Данные сохранены
[2025-04-02T14:33:43.965Z] Статус сервера обновлен
[2025-04-02T14:38:42.669Z] Данные сохранены
[2025-04-02T14:38:44.106Z] Статус сервера обновлен
[2025-04-02T14:43:42.677Z] Данные сохранены
[2025-04-02T14:43:44.171Z] Статус сервера обновлен
[2025-04-02T14:48:42.679Z] Данные сохранены
[2025-04-02T14:48:43.970Z] Статус сервера обновлен
[2025-04-02T14:53:42.802Z] Данные сохранены
[2025-04-02T14:53:44.111Z] Статус сервера обновлен
[2025-04-02T14:58:42.788Z] Данные сохранены
[2025-04-02T14:58:44.083Z] Статус сервера обновлен
[2025-04-02T14:59:54.336Z] Данные сохранены
[2025-04-02T14:59:54.336Z] User tg#5213363119 used /start
[2025-04-02T15:03:42.775Z] Данные сохранены
[2025-04-02T15:03:44.106Z] Статус сервера обновлен
[2025-04-02T15:06:01.848Z] User tg#7563680941 used /help
[2025-04-02T15:07:22.309Z] Запись в account.txt выполнена
[2025-04-02T15:07:22.309Z] Данные сохранены
[2025-04-02T15:07:22.674Z] User tg#5213363119 linked account: Ogur4ik_0000
[2025-04-02T15:08:42.896Z] Данные сохранены
[2025-04-02T15:08:44.447Z] Статус сервера обновлен
[2025-04-02T15:13:42.811Z] Данные сохранены
[2025-04-02T15:13:44.226Z] Статус сервера обновлен
[2025-04-02T15:13:51.305Z] User tg#5213363119 requested unlink
[2025-04-02T15:13:53.990Z] Запись в account.txt выполнена
[2025-04-02T15:13:53.990Z] Данные сохранены
[2025-04-02T15:13:54.284Z] User tg#5213363119 confirmed unlink
[2025-04-02T15:14:07.852Z] Запись в account.txt выполнена
[2025-04-02T15:14:07.852Z] Данные сохранены
[2025-04-02T15:14:07.969Z] User tg#5213363119 linked account: Goldenskill13
[2025-04-02T15:14:59.922Z] User tg#5213363119 used /info
[2025-04-02T15:15:05.581Z] User tg#5213363119 used /donate
[2025-04-02T15:15:19.677Z] User tg#5213363119 used /news
[2025-04-02T15:15:33.207Z] User tg#5213363119 used /event
[2025-04-02T15:15:37.019Z] User tg#5213363119 used /news
[2025-04-02T15:18:42.853Z] Данные сохранены
[2025-04-02T15:18:44.199Z] Статус сервера обновлен
[2025-04-02T15:19:44.191Z] Данные сохранены
[2025-04-02T15:19:51.803Z] Данные загружены
[2025-04-02T15:23:14.396Z] User tg#7563680941 used /help
[2025-04-02T15:23:47.289Z] Данные сохранены
[2025-04-02T15:23:54.499Z] Данные загружены
[2025-04-02T15:25:09.392Z] Данные сохранены
[2025-04-02T15:25:19.120Z] Данные загружены
[2025-04-02T15:25:32.417Z] User tg#7563680941 used /start
[2025-04-02T15:25:54.616Z] Moderator tg#7563680941 viewed all accounts
[2025-04-02T15:30:19.148Z] Данные сохранены
[2025-04-02T15:30:20.727Z] Статус сервера обновлен
[2025-04-02T15:35:19.162Z] Данные сохранены
[2025-04-02T15:35:20.573Z] Статус сервера обновлен
[2025-04-02T15:40:19.191Z] Данные сохранены
[2025-04-02T15:40:20.746Z] Статус сервера обновлен
[2025-04-02T15:45:19.171Z] Данные сохранены
[2025-04-02T15:45:20.475Z] Статус сервера обновлен
[2025-04-02T15:50:19.218Z] Данные сохранены
[2025-04-02T15:50:20.566Z] Статус сервера обновлен
[2025-04-02T15:55:19.289Z] Данные сохранены
[2025-04-02T15:55:20.832Z] Статус сервера обновлен
[2025-04-02T16:00:19.391Z] Данные сохранены
[2025-04-02T16:00:21.059Z] Статус сервера обновлен
[2025-04-02T16:05:19.392Z] Данные сохранены
[2025-04-02T16:05:20.877Z] Статус сервера обновлен
[2025-04-02T16:10:19.388Z] Данные сохранены
[2025-04-02T16:10:21.190Z] Статус сервера обновлен
[2025-04-02T16:15:19.350Z] Данные сохранены
[2025-04-02T16:15:20.749Z] Статус сервера обновлен
[2025-04-02T16:20:19.355Z] Данные сохранены
[2025-04-02T16:20:20.672Z] Статус сервера обновлен
[2025-04-02T16:25:19.357Z] Данные сохранены
[2025-04-02T16:25:20.981Z] Статус сервера обновлен
[2025-04-02T16:30:19.401Z] Данные сохранены
[2025-04-02T16:30:20.737Z] Статус сервера обновлен
[2025-04-02T16:35:19.437Z] Данные сохранены
[2025-04-02T16:35:21.367Z] Статус сервера обновлен
[2025-04-02T16:39:50.866Z] Moderator tg#7563680941 viewed all accounts
[2025-04-02T16:40:19.475Z] Данные сохранены
[2025-04-02T16:40:21.188Z] Статус сервера обновлен
[2025-04-02T16:41:06.357Z] User tg#7563680941 used /stats
[2025-04-02T16:41:14.747Z] User tg#7563680941 used /serverinfo
[2025-04-02T16:45:19.506Z] Данные сохранены
[2025-04-02T16:45:20.933Z] Статус сервера обновлен
[2025-04-02T16:50:19.519Z] Данные сохранены
[2025-04-02T16:50:20.957Z] Статус сервера обновлен
[2025-04-02T16:55:19.590Z] Данные сохранены
[2025-04-02T16:55:21.363Z] Статус сервера обновлен
[2025-04-02T17:00:19.689Z] Данные сохранены
[2025-04-02T17:00:21.295Z] Статус сервера обновлен
[2025-04-02T17:05:19.598Z] Данные сохранены
[2025-04-02T17:05:37.652Z] Ошибка обновления статуса сервера: socket hang up
[2025-04-02T17:10:19.641Z] Данные сохранены
[2025-04-02T17:10:20.998Z] Статус сервера обновлен
[2025-04-02T17:15:19.677Z] Данные сохранены
[2025-04-02T17:15:21.158Z] Статус сервера обновлен
[2025-04-03T02:39:36.918Z] Данные загружены
[2025-04-03T02:39:37.437Z] User tg#383193179 used /news
[2025-04-03T02:39:37.440Z] User tg#5213363119 used /serverinfo
[2025-04-03T02:39:37.474Z] User tg#5213363119 used /donate
[2025-04-03T02:39:37.498Z] User tg#5213363119 used /donate
[2025-04-03T02:39:37.519Z] User tg#5213363119 used /donate
[2025-04-03T02:39:37.533Z] User tg#5213363119 used /serverinfo
[2025-04-03T02:39:37.555Z] User tg#5213363119 used /donate
[2025-04-03T02:39:37.579Z] User tg#5213363119 used /serverinfo
[2025-04-03T02:39:37.614Z] User tg#5213363119 used /donate
[2025-04-03T02:39:38.432Z] User tg#383193179 used /stats
[2025-04-03T02:44:36.989Z] Данные сохранены
[2025-04-03T02:44:38.838Z] Статус сервера обновлен
[2025-04-03T02:46:14.813Z] Данные сохранены
[2025-04-03T02:46:22.395Z] Данные загружены
[2025-04-03T02:46:41.111Z] Данные сохранены
[2025-04-03T02:53:25.415Z] Данные загружены
[2025-04-03T02:55:25.380Z] User tg#383193179 used /stats
[2025-04-03T02:55:27.040Z] User tg#383193179 used /news
[2025-04-03T02:58:25.427Z] Данные сохранены
[2025-04-03T02:58:27.255Z] Статус сервера обновлен
[2025-04-03T03:03:25.472Z] Данные сохранены
[2025-04-03T03:03:27.069Z] Статус сервера обновлен
[2025-04-03T03:08:25.514Z] Данные сохранены
[2025-04-03T03:08:27.393Z] Статус сервера обновлен
[2025-04-03T03:10:03.893Z] User tg#7865052367 used /start
[2025-04-03T03:13:25.592Z] Данные сохранены
[2025-04-03T03:13:27.312Z] Статус сервера обновлен
[2025-04-03T03:18:25.547Z] Данные сохранены
[2025-04-03T03:18:26.884Z] Статус сервера обновлен
[2025-04-03T03:23:25.554Z] Данные сохранены
[2025-04-03T03:23:27.240Z] Статус сервера обновлен
[2025-04-03T03:25:30.467Z] User tg#7865052367 used /event
[2025-04-03T03:25:33.408Z] User tg#7865052367 used /serverinfo
[2025-04-03T03:25:34.953Z] User tg#7865052367 used /stats
[2025-04-03T03:25:36.530Z] User tg#7865052367 used /help
[2025-04-03T03:25:38.557Z] User tg#7865052367 used /support
[2025-04-03T03:25:44.482Z] User tg#7865052367 used /rules
[2025-04-03T03:25:48.054Z] User tg#7865052367 used /news
[2025-04-03T03:25:50.853Z] User tg#7865052367 used /donate
[2025-04-03T03:28:25.697Z] Данные сохранены
[2025-04-03T03:28:27.274Z] Статус сервера обновлен
[2025-04-03T03:33:25.645Z] Данные сохранены
[2025-04-03T03:33:26.978Z] Статус сервера обновлен
[2025-04-03T07:09:30.724Z] Данные загружены
[2025-04-03T07:09:31.328Z] User tg#7865052367 used /help
[2025-04-03T07:09:31.357Z] User tg#7865052367 used /help
[2025-04-03T07:09:31.382Z] User tg#7865052367 used /news
[2025-04-03T07:09:31.414Z] User tg#7865052367 used /news
[2025-04-03T07:09:31.441Z] User tg#7865052367 used /start
[2025-04-03T07:09:32.313Z] Данные сохранены
[2025-04-03T07:09:32.313Z] User tg#1497287834 used /start
[2025-04-03T07:14:30.772Z] Данные сохранены
[2025-04-03T07:14:32.503Z] Статус сервера обновлен
[2025-04-03T07:19:30.803Z] Данные сохранены
[2025-04-03T07:19:32.112Z] Статус сервера обновлен
[2025-04-03T07:23:14.892Z] Данные сохранены
[2025-04-03T07:23:21.329Z] Данные загружены
[2025-04-03T07:24:09.040Z] Данные сохранены
[2025-04-03T07:24:42.010Z] Данные загружены
[2025-04-03T07:29:42.094Z] Данные сохранены
[2025-04-03T07:29:43.900Z] Статус сервера обновлен
[2025-04-03T07:34:42.082Z] Данные сохранены
[2025-04-03T07:34:43.377Z] Статус сервера обновлен
[2025-04-03T07:39:42.110Z] Данные сохранены
[2025-04-03T07:39:43.783Z] Статус сервера обновлен
[2025-04-03T07:44:42.129Z] Данные сохранены
[2025-04-03T07:44:43.933Z] Статус сервера обновлен
[2025-04-03T07:49:42.141Z] Данные сохранены
[2025-04-03T07:49:43.453Z] Статус сервера обновлен
[2025-04-03T07:54:42.146Z] Данные сохранены
[2025-04-03T07:54:43.507Z] Статус сервера обновлен
[2025-04-03T07:59:42.147Z] Данные сохранены
[2025-04-03T07:59:43.715Z] Статус сервера обновлен
[2025-04-03T08:00:45.028Z] Данные сохранены
[2025-04-03T08:00:51.910Z] Данные загружены
[2025-04-03T08:05:52.007Z] Данные сохранены
[2025-04-03T08:05:53.288Z] Статус сервера обновлен
[2025-04-03T08:10:52.088Z] Данные сохранены
[2025-04-03T08:10:53.370Z] Статус сервера обновлен
[2025-04-03T08:15:52.027Z] Данные сохранены
[2025-04-03T08:15:53.423Z] Статус сервера обновлен
[2025-04-03T08:20:52.049Z] Данные сохранены
[2025-04-03T08:20:53.380Z] Статус сервера обновлен
[2025-04-03T08:25:52.055Z] Данные сохранены
[2025-04-03T08:25:53.413Z] Статус сервера обновлен
[2025-04-03T08:30:52.064Z] Данные сохранены
[2025-04-03T08:30:53.344Z] Статус сервера обновлен
[2025-04-03T08:34:10.089Z] Данные сохранены
[2025-04-03T08:34:17.628Z] Данные загружены
[2025-04-03T08:39:17.705Z] Данные сохранены
[2025-04-03T08:39:19.018Z] Статус сервера обновлен
[2025-04-03T08:41:12.621Z] Данные сохранены
[2025-04-03T08:41:12.621Z] User tg#5279623306 used /start
[2025-04-03T08:42:04.286Z] Запись в account.txt выполнена
[2025-04-03T08:42:04.608Z] User tg#5279623306 sent message to moderator
[2025-04-03T08:44:17.722Z] Данные сохранены
[2025-04-03T08:44:19.209Z] Статус сервера обновлен
[2025-04-03T08:49:17.790Z] Данные сохранены
[2025-04-03T08:49:19.063Z] Статус сервера обновлен
[2025-04-03T08:54:17.777Z] Данные сохранены
[2025-04-03T08:54:19.199Z] Статус сервера обновлен
[2025-04-03T08:59:17.892Z] Данные сохранены
[2025-04-03T08:59:19.165Z] Статус сервера обновлен
[2025-04-03T09:04:17.811Z] Данные сохранены
[2025-04-03T09:04:19.301Z] Статус сервера обновлен
